<?xml version="1.0" encoding="UTF-8"?>
<!-- Generated by org.testng.reporters.JUnitReportReporter -->
<testsuite hostname="TECHYDLP-C33J103" failures="0" tests="1" name="javabasics.TestSortClass" time="0.010" errors="0" timestamp="2023-10-16T11:14:19 IST" skipped="0">
  <testcase classname="javabasics.TestSortClass" name="test" time="0.010"/>
  <system-out/>
</testsuite> <!-- javabasics.TestSortClass -->
