<?xml version="1.0" encoding="UTF-8"?>
<!-- Generated by org.testng.reporters.JUnitReportReporter -->
<testsuite hostname="TECHYDLP-C33J103" failures="0" tests="1" name="com.test.webdriver.ScreenshotTesting" time="9.339" errors="0" timestamp="2023-08-29T21:57:13 IST" skipped="0">
  <testcase classname="com.test.webdriver.ScreenshotTesting" name="screenshotTesting" time="9.339"/>
  <system-out/>
</testsuite> <!-- com.test.webdriver.ScreenshotTesting -->
