<?xml version="1.0" encoding="UTF-8"?>
<!-- Generated by org.testng.reporters.JUnitReportReporter -->
<testsuite hostname="TECHYDLP-C33J103" failures="0" tests="3" name="extentReports.InputFormTest" time="41.523" errors="0" timestamp="2023-10-19T16:49:35 IST" skipped="0">
  <testcase classname="extentReports.InputFormTest" name="verifyTitle" time="4.748"/>
  <system-out/>
  <testcase classname="extentReports.InputFormTest" name="MultipleInputTest" time="12.499"/>
  <system-out/>
  <testcase classname="extentReports.InputFormTest" name="SingleInputTest" time="24.276"/>
  <system-out/>
</testsuite> <!-- extentReports.InputFormTest -->
