<?xml version="1.0" encoding="UTF-8"?>
<!-- Generated by org.testng.reporters.JUnitReportReporter -->
<testsuite hostname="TECHYDLP-C33J103" failures="0" tests="3" name="testNGBasics.ParametersExample" time="20.690" errors="0" timestamp="2023-10-27T13:52:47 IST" skipped="0">
  <testcase classname="testNGBasics.ParametersExample" name="search" time="6.084"/>
  <system-out>
    <![CDATA[Keyword entered is : LambdaTest
Search results are displayed.]]>
  </system-out>
  <testcase classname="testNGBasics.ParametersExample" name="search" time="6.701"/>
  <system-out>
    <![CDATA[Keyword entered is : Selenium
Search results are displayed.]]>
  </system-out>
  <testcase classname="testNGBasics.ParametersExample" name="search" time="7.905"/>
  <system-out>
    <![CDATA[Keyword entered is : abc
Search results are displayed.]]>
  </system-out>
</testsuite> <!-- testNGBasics.ParametersExample -->
