<?xml version="1.0" encoding="UTF-8"?>
<!-- Generated by org.testng.reporters.JUnitReportReporter -->
<testsuite hostname="TECHYDLP-C33J103" failures="0" tests="2" name="testNGBasics.DataProvidersDifferentClassExample" time="30.646" errors="0" timestamp="2023-10-26T20:59:58 IST" skipped="0">
  <testcase classname="testNGBasics.DataProvidersDifferentClassExample" name="search" time="17.903"/>
  <system-out>
    <![CDATA[Keyword entered is : Automation
Search results are displayed.]]>
  </system-out>
  <testcase classname="testNGBasics.DataProvidersDifferentClassExample" name="search" time="12.743"/>
  <system-out>
    <![CDATA[Keyword entered is : Lambda Test
Search results are displayed.]]>
  </system-out>
</testsuite> <!-- testNGBasics.DataProvidersDifferentClassExample -->
