<?xml version="1.0" encoding="UTF-8"?>
<!-- Generated by org.testng.reporters.JUnitReportReporter -->
<testsuite hostname="TECHYDLP-C33J103" failures="0" tests="1" name="listenersDemo.MainEventHandler" time="4.395" errors="0" timestamp="2023-10-22T15:46:22 IST" skipped="0">
  <testcase classname="listenersDemo.MainEventHandler" name="testEventListerners" time="4.395"/>
  <system-out/>
</testsuite> <!-- listenersDemo.MainEventHandler -->
