<?xml version="1.0" encoding="UTF-8"?>
<!-- Generated by org.testng.reporters.JUnitReportReporter -->
<testsuite hostname="TECHYDLP-C33J103" failures="0" tests="2" name="pageobjectTests.BrowserTest" time="4.195" errors="0" timestamp="2023-11-01T18:57:06 IST" skipped="1">
  <testcase classname="pageobjectTests.BrowserTest" name="navigate_to_homepage_click_on_getstarted" time="4.195"/>
  <system-out/>
  <testcase classname="pageobjectTests.BrowserTest" name="enter_userDetails">
    <skipped/>
  </testcase> <!-- enter_userDetails -->
  <system-out/>
</testsuite> <!-- pageobjectTests.BrowserTest -->
