<?xml version="1.0" encoding="UTF-8"?>
<!-- Generated by org.testng.reporters.JUnitReportReporter -->
<testsuite hostname="TECHYDLP-C33J103" failures="0" tests="1" name="com.test.webdriver.TableTesting" time="36.478" errors="0" timestamp="2023-08-29T12:32:54 IST" skipped="0">
  <testcase classname="com.test.webdriver.TableTesting" name="tableData" time="36.478"/>
  <system-out/>
</testsuite> <!-- com.test.webdriver.TableTesting -->
