<?xml version="1.0" encoding="UTF-8"?>
<!-- Generated by org.testng.reporters.JUnitReportReporter -->
<testsuite hostname="TECHYDLP-C33J103" failures="0" tests="1" name="testNGBasics.GroupsExample1" time="0.009" errors="0" timestamp="2023-10-25T12:45:35 IST" skipped="0">
  <testcase classname="testNGBasics.GroupsExample1" name="test_method3" time="0.009"/>
  <system-out/>
</testsuite> <!-- testNGBasics.GroupsExample1 -->
