<?xml version="1.0" encoding="UTF-8"?>
<!-- Generated by org.testng.reporters.JUnitReportReporter -->
<testsuite hostname="TECHYDLP-C33J103" failures="0" tests="2" name="testNGBasics.ParameterswithOptionalExample" time="0.012" errors="0" timestamp="2023-10-27T13:49:29 IST" skipped="0">
  <testcase classname="testNGBasics.ParameterswithOptionalExample" name="testOptionTwo" time="0.001"/>
  <system-out/>
  <testcase classname="testNGBasics.ParameterswithOptionalExample" name="testOptionOne" time="0.011"/>
  <system-out/>
</testsuite> <!-- testNGBasics.ParameterswithOptionalExample -->
