<?xml version="1.0" encoding="UTF-8"?>
<!-- Generated by org.testng.reporters.JUnitReportReporter -->
<testsuite hostname="TECHYDLP-C33J103" failures="0" tests="2" name="testNGBasics.DataProvidersExample" time="24.238" errors="0" timestamp="2023-10-26T20:50:45 IST" skipped="0">
  <testcase classname="testNGBasics.DataProvidersExample" name="search" time="12.979"/>
  <system-out>
    <![CDATA[Keyword entered is : Automation
Search results are displayed.]]>
  </system-out>
  <testcase classname="testNGBasics.DataProvidersExample" name="search" time="11.259"/>
  <system-out>
    <![CDATA[Keyword entered is : Lambda Test
Search results are displayed.]]>
  </system-out>
</testsuite> <!-- testNGBasics.DataProvidersExample -->
