<?xml version="1.0" encoding="UTF-8"?>
<!-- Generated by org.testng.reporters.JUnitReportReporter -->
<testsuite hostname="TECHYDLP-C33J103" failures="0" tests="6" name="testNGBasics.DataProvidersMethodArgument" time="75.672" errors="0" timestamp="2023-10-27T14:05:31 IST" skipped="0">
  <testcase classname="testNGBasics.DataProvidersMethodArgument" name="intlDestinations" time="17.066"/>
  <system-out/>
  <testcase classname="testNGBasics.DataProvidersMethodArgument" name="intlDestinations" time="17.147"/>
  <system-out/>
  <testcase classname="testNGBasics.DataProvidersMethodArgument" name="intlDestinations" time="10.843"/>
  <system-out/>
  <testcase classname="testNGBasics.DataProvidersMethodArgument" name="domesticMonuments" time="10.297"/>
  <system-out/>
  <testcase classname="testNGBasics.DataProvidersMethodArgument" name="domesticMonuments" time="10.281"/>
  <system-out/>
  <testcase classname="testNGBasics.DataProvidersMethodArgument" name="domesticMonuments" time="10.038"/>
  <system-out/>
</testsuite> <!-- testNGBasics.DataProvidersMethodArgument -->
