<?xml version="1.0" encoding="UTF-8"?>
<!-- Generated by org.testng.reporters.JUnitReportReporter -->
<testsuite hostname="TECHYDLP-C33J103" failures="0" tests="1" name="common.ScreenshotTesting" time="20.784" errors="0" timestamp="2023-10-31T15:38:37 IST" skipped="0">
  <testcase classname="common.ScreenshotTesting" name="screenshotTesting" time="20.784"/>
  <system-out/>
</testsuite> <!-- common.ScreenshotTesting -->
