<?xml version="1.0" encoding="UTF-8"?>
<!-- Generated by org.testng.reporters.JUnitReportReporter -->
<testsuite hostname="TECHYDLP-C33J103" failures="0" tests="2" name="listenersDemo.AnnotationTransformerTests1" time="0.012" errors="0" timestamp="2023-10-22T19:12:00 IST" skipped="0">
  <testcase classname="listenersDemo.AnnotationTransformerTests1" name="test1" time="0.010"/>
  <system-out/>
  <testcase classname="listenersDemo.AnnotationTransformerTests1" name="test2" time="0.002"/>
  <system-out/>
</testsuite> <!-- listenersDemo.AnnotationTransformerTests1 -->
