<?xml version="1.0" encoding="UTF-8"?>
<!-- Generated by org.testng.reporters.JUnitReportReporter -->
<testsuite hostname="TECHYDLP-C33J103" failures="0" tests="3" name="com.test.webdriver.CollectionSort" time="0.015" errors="0" timestamp="2023-08-29T21:57:13 IST" skipped="0">
  <testcase classname="com.test.webdriver.CollectionSort" name="sort" time="0.011"/>
  <system-out/>
  <testcase classname="com.test.webdriver.CollectionSort" name="sort" time="0.003"/>
  <system-out/>
  <testcase classname="com.test.webdriver.CollectionSort" name="sort" time="0.001"/>
  <system-out/>
</testsuite> <!-- com.test.webdriver.CollectionSort -->
