<?xml version="1.0" encoding="UTF-8"?>
<!-- Generated by org.testng.reporters.JUnitReportReporter -->
<testsuite hostname="TECHYDLP-C33J103" failures="0" tests="1" name="com.test.webdriver.Arraylistexample" time="0.002" errors="0" timestamp="2023-08-29T21:57:13 IST" skipped="0">
  <testcase classname="com.test.webdriver.Arraylistexample" name="sort" time="0.002"/>
  <system-out/>
</testsuite> <!-- com.test.webdriver.Arraylistexample -->
